<?xml version="1.0" encoding="UTF-8" ?>
<testsuite tests="1" failures="1" name="com.testscripts.TestScript1" time="0.007" errors="0" skipped="0">
  <properties>
[...]
</properties>
  <testcase classname="com.testscripts.TestScript1" name="com.testscripts.TestScript1.testScript1" time="0.007">
    <failure message="Unresolved compilation problem: 
	Test cannot be resolved to a type
" type="java.lang.Error">java.lang.Error: Unresolved compilation problem: 
	Test cannot be resolved to a type

	at com.testscripts.TestScript1.testScript1(TestScript1.java:11)
</failure>
  </testcase>
</testsuite>