<?xml version="1.0" encoding="UTF-8"?>
<testng-results skipped="0" failed="0" ignored="0" total="1" passed="1">
  <reporter-output>
  </reporter-output>
  <suite name="Default suite" duration-ms="24765" started-at="2020-09-05T13:45:25 IST" finished-at="2020-09-05T13:45:49 IST">
    <groups>
    </groups>
    <test name="Default test" duration-ms="24765" started-at="2020-09-05T13:45:25 IST" finished-at="2020-09-05T13:45:49 IST">
      <class name="com.testscripts.TestScript1">
        <test-method status="PASS" signature="openBrowser()[pri:0, instance:com.testscripts.TestScript1@34e9fd99]" name="openBrowser" is-config="true" duration-ms="16374" started-at="2020-09-05T13:45:25 IST" finished-at="2020-09-05T13:45:41 IST">
          <reporter-output>
          </reporter-output>
        </test-method> <!-- openBrowser -->
        <test-method status="PASS" signature="loginToApplication()[pri:0, instance:com.testscripts.TestScript1@34e9fd99]" name="loginToApplication" is-config="true" duration-ms="451" started-at="2020-09-05T13:45:41 IST" finished-at="2020-09-05T13:45:42 IST">
          <reporter-output>
          </reporter-output>
        </test-method> <!-- loginToApplication -->
        <test-method status="PASS" signature="creatingTask()[pri:0, instance:com.testscripts.TestScript1@34e9fd99]" name="creatingTask" duration-ms="5823" started-at="2020-09-05T13:45:42 IST" finished-at="2020-09-05T13:45:47 IST">
          <reporter-output>
          </reporter-output>
        </test-method> <!-- creatingTask -->
        <test-method status="PASS" signature="logout()[pri:0, instance:com.testscripts.TestScript1@34e9fd99]" name="logout" is-config="true" duration-ms="1182" started-at="2020-09-05T13:45:47 IST" finished-at="2020-09-05T13:45:49 IST">
          <reporter-output>
          </reporter-output>
        </test-method> <!-- logout -->
        <test-method status="PASS" signature="closeBrowser()[pri:0, instance:com.testscripts.TestScript1@34e9fd99]" name="closeBrowser" is-config="true" duration-ms="846" started-at="2020-09-05T13:45:49 IST" finished-at="2020-09-05T13:45:49 IST">
          <reporter-output>
          </reporter-output>
        </test-method> <!-- closeBrowser -->
      </class> <!-- com.testscripts.TestScript1 -->
    </test> <!-- Default test -->
  </suite> <!-- Default suite -->
</testng-results>
